#
# There is insufficient memory for the Java Runtime Environment to continue.
# Native memory allocation (mmap) failed to map 67108864 bytes for G1 virtual space
# Possible reasons:
#   The system is out of physical RAM or swap space
#   The process is running with CompressedOops enabled, and the Java Heap may be blocking the growth of the native heap
# Possible solutions:
#   Reduce memory load on the system
#   Increase physical memory or swap space
#   Check if swap backing store is full
#   Decrease Java heap size (-Xmx/-Xms)
#   Decrease number of Java threads
#   Decrease Java thread stack sizes (-Xss)
#   Set larger code cache with -XX:ReservedCodeCacheSize=
#   JVM is running with Unscaled Compressed Oops mode in which the Java heap is
#     placed in the first 4GB address space. The Java Heap base address is the
#     maximum limit for the native heap growth. Please use -XX:HeapBaseMinAddress
#     to set the Java Heap base and to place the Java Heap above 4GB virtual address.
# This output file may be truncated or incomplete.
#
#  Out of Memory Error (os_windows.cpp:3600), pid=10460, tid=16100
#
# JRE version:  (21.0.2+13) (build )
# Java VM: Java HotSpot(TM) 64-Bit Server VM (21.0.2+13-LTS-58, mixed mode, sharing, tiered, compressed oops, compressed class ptrs, g1 gc, windows-amd64)
# No core dump will be written. Minidumps are not enabled by default on client versions of Windows
#

---------------  S U M M A R Y ------------

Command Line: --enable-preview -XX:+ShowCodeDetailsInExceptionMessages electricity.billing.system.view_information

Host: Intel(R) Core(TM) i5-2410M CPU @ 2.30GHz, 4 cores, 3G,  Windows 10 , 64 bit Build 19041 (10.0.19041.3636)
Time: Sun Feb 11 22:01:19 2024 Nepal Standard Time elapsed time: 0.040326 seconds (0d 0h 0m 0s)

---------------  T H R E A D  ---------------

Current thread (0x000001b474a49550):  JavaThread "Unknown thread" [_thread_in_vm, id=16100, stack(0x000000ab05900000,0x000000ab05a00000) (1024K)]

Stack: [0x000000ab05900000,0x000000ab05a00000]
Native frames: (J=compiled Java code, j=interpreted, Vv=VM code, C=native code)
V  [jvm.dll+0x6cade9]
V  [jvm.dll+0x8569c1]
V  [jvm.dll+0x858d2e]
V  [jvm.dll+0x859413]
V  [jvm.dll+0x280e56]
V  [jvm.dll+0x6c74d5]
V  [jvm.dll+0x6bbeca]
V  [jvm.dll+0x355bca]
V  [jvm.dll+0x35d816]
V  [jvm.dll+0x3ae67e]
V  [jvm.dll+0x3ae928]
V  [jvm.dll+0x3295dc]
V  [jvm.dll+0x32a16b]
V  [jvm.dll+0x81efa9]
V  [jvm.dll+0x3bba01]
V  [jvm.dll+0x807928]
V  [jvm.dll+0x44f50e]
V  [jvm.dll+0x450e11]
C  [jli.dll+0x52a3]
C  [ucrtbase.dll+0x21bb2]
C  [KERNEL32.DLL+0x17344]
C  [ntdll.dll+0x526b1]


---------------  P R O C E S S  ---------------

Threads class SMR info:
_java_thread_list=0x00007ffb19dbbb88, length=0, elements={
}

Java Threads: ( => current thread )
Total: 0

Other Threads:
  0x000001b474b7fb40 WorkerThread "GC Thread#0"                     [id=6176, stack(0x000000ab05a00000,0x000000ab05b00000) (1024K)]
  0x000001b474b89300 ConcurrentGCThread "G1 Main Marker"            [id=13964, stack(0x000000ab05b00000,0x000000ab05c00000) (1024K)]
  0x000001b474b89ec0 WorkerThread "G1 Conc#0"                       [id=18784, stack(0x000000ab05c00000,0x000000ab05d00000) (1024K)]

[error occurred during error reporting (printing all threads), id 0xc0000005, EXCEPTION_ACCESS_VIOLATION (0xc0000005) at pc=0x00007ffb1952c6a7]
VM state: not at safepoint (not fully initialized)

VM Mutex/Monitor currently owned by a thread:  ([mutex/lock_event])
[0x00007ffb19e2ce68] Heap_lock - owner thread: 0x000001b474a49550

Heap address: 0x00000000c1a00000, size: 998 MB, Compressed Oops mode: 32-bit

CDS archive(s) mapped at: [0x0000000000000000-0x0000000000000000-0x0000000000000000), size 0, SharedBaseAddress: 0x0000000800000000, ArchiveRelocationMode: 1.
Narrow klass base: 0x0000000000000000, Narrow klass shift: 0, Narrow klass range: 0x0

GC Precious Log:
 CardTable entry size: 512
 Card Set container configuration: InlinePtr #cards 5 size 8 Array Of Cards #cards 12 size 40 Howl #buckets 4 coarsen threshold 1843 Howl Bitmap #cards 512 size 80 coarsen threshold 460 Card regions per heap region 1 cards per card region 2048

Heap:
 garbage-first heap   total 0K, used 0K [0x00000000c1a00000, 0x0000000100000000)
  region size 1024K, 0 young (0K), 0 survivors (0K)

[error occurred during error reporting (printing heap information), id 0xc0000005, EXCEPTION_ACCESS_VIOLATION (0xc0000005) at pc=0x00007ffb199139f9]
GC Heap History (0 events):
No events

Dll operation events (1 events):
Event: 0.022 Loaded shared library C:\Program Files\Java\jdk-21\bin\java.dll

Deoptimization events (0 events):
No events

Classes loaded (0 events):
No events

Classes unloaded (0 events):
No events

Classes redefined (0 events):
No events

Internal exceptions (0 events):
No events

ZGC Phase Switch (0 events):
No events

VM Operations (0 events):
No events

Events (0 events):
No events


Dynamic libraries:
0x00007ff6643b0000 - 0x00007ff6643c0000 	C:\Program Files\Java\jdk-21\bin\java.exe
0x00007ffb5f1d0000 - 0x00007ffb5f3c8000 	C:\Windows\SYSTEM32\ntdll.dll
0x00007ffb5ec50000 - 0x00007ffb5ed0d000 	C:\Windows\System32\KERNEL32.DLL
0x00007ffb5ca80000 - 0x00007ffb5cd76000 	C:\Windows\System32\KERNELBASE.dll
0x00007ffb5cd80000 - 0x00007ffb5ce80000 	C:\Windows\System32\ucrtbase.dll
0x00007ffb4f800000 - 0x00007ffb4f819000 	C:\Program Files\Java\jdk-21\bin\jli.dll
0x00007ffb5e440000 - 0x00007ffb5e4f3000 	C:\Windows\System32\ADVAPI32.dll
0x00007ffb530b0000 - 0x00007ffb530cb000 	C:\Program Files\Java\jdk-21\bin\VCRUNTIME140.dll
0x00007ffb5e180000 - 0x00007ffb5e21e000 	C:\Windows\System32\msvcrt.dll
0x00007ffb5ee50000 - 0x00007ffb5eeef000 	C:\Windows\System32\sechost.dll
0x00007ffb5d220000 - 0x00007ffb5d346000 	C:\Windows\System32\RPCRT4.dll
0x00007ffb5c9c0000 - 0x00007ffb5c9e7000 	C:\Windows\System32\bcrypt.dll
0x00007ffb5e500000 - 0x00007ffb5e69e000 	C:\Windows\System32\USER32.dll
0x00007ffb5cfe0000 - 0x00007ffb5d002000 	C:\Windows\System32\win32u.dll
0x00007ffb5d350000 - 0x00007ffb5d37c000 	C:\Windows\System32\GDI32.dll
0x00007ffb5c8a0000 - 0x00007ffb5c9ba000 	C:\Windows\System32\gdi32full.dll
0x00007ffb5cf40000 - 0x00007ffb5cfdd000 	C:\Windows\System32\msvcp_win.dll
0x00007ffb438b0000 - 0x00007ffb43b4a000 	C:\Windows\WinSxS\amd64_microsoft.windows.common-controls_6595b64144ccf1df_6.0.19041.3636_none_60b6a03d71f818d5\COMCTL32.dll
0x00007ffb510d0000 - 0x00007ffb510da000 	C:\Windows\SYSTEM32\VERSION.dll
0x00007ffb5e6a0000 - 0x00007ffb5e6d0000 	C:\Windows\System32\IMM32.DLL
0x00007ffb55740000 - 0x00007ffb5574c000 	C:\Program Files\Java\jdk-21\bin\vcruntime140_1.dll
0x00007ffb3f440000 - 0x00007ffb3f4ce000 	C:\Program Files\Java\jdk-21\bin\msvcp140.dll
0x00007ffb191f0000 - 0x00007ffb19f07000 	C:\Program Files\Java\jdk-21\bin\server\jvm.dll
0x00007ffb5ebe0000 - 0x00007ffb5ec4b000 	C:\Windows\System32\WS2_32.dll
0x00007ffb5c410000 - 0x00007ffb5c45b000 	C:\Windows\SYSTEM32\POWRPROF.dll
0x00007ffb46e60000 - 0x00007ffb46e87000 	C:\Windows\SYSTEM32\WINMM.dll
0x00007ffb5c300000 - 0x00007ffb5c312000 	C:\Windows\SYSTEM32\UMPDC.dll
0x00007ffb5b130000 - 0x00007ffb5b142000 	C:\Windows\SYSTEM32\kernel.appcore.dll
0x00007ffb530a0000 - 0x00007ffb530aa000 	C:\Program Files\Java\jdk-21\bin\jimage.dll
0x00007ffb545b0000 - 0x00007ffb54794000 	C:\Windows\SYSTEM32\DBGHELP.DLL
0x00007ffb544f0000 - 0x00007ffb54524000 	C:\Windows\SYSTEM32\dbgcore.DLL
0x00007ffb5c9f0000 - 0x00007ffb5ca72000 	C:\Windows\System32\bcryptPrimitives.dll
0x00007ffb4a400000 - 0x00007ffb4a41f000 	C:\Program Files\Java\jdk-21\bin\java.dll

dbghelp: loaded successfully - version: 4.0.5 - missing functions: none
symbol engine: initialized successfully - sym options: 0x614 - pdb path: .;C:\Program Files\Java\jdk-21\bin;C:\Windows\SYSTEM32;C:\Windows\WinSxS\amd64_microsoft.windows.common-controls_6595b64144ccf1df_6.0.19041.3636_none_60b6a03d71f818d5;C:\Program Files\Java\jdk-21\bin\server

VM Arguments:
jvm_args: --enable-preview -XX:+ShowCodeDetailsInExceptionMessages 
java_command: electricity.billing.system.view_information
java_class_path (initial): C:\Users\dell\AppData\Roaming\Code\User\workspaceStorage\336422c3f3c4eb7ee894c51c72cf9e3d\redhat.java\jdt_ws\Bill_6b7f759b\bin;c:\Users\dell\Downloads\ResultSet2xml.jar;c:\Users\dell\Downloads\mysql-connector-j-8.3.0\mysql-connector-j-8.3.0.jar
Launcher Type: SUN_STANDARD

[Global flags]
     intx CICompilerCount                          = 3                                         {product} {ergonomic}
     uint ConcGCThreads                            = 1                                         {product} {ergonomic}
     uint G1ConcRefinementThreads                  = 4                                         {product} {ergonomic}
   size_t G1HeapRegionSize                         = 1048576                                   {product} {ergonomic}
    uintx GCDrainStackTargetSize                   = 64                                        {product} {ergonomic}
   size_t InitialHeapSize                          = 67108864                                  {product} {ergonomic}
   size_t MarkStackSize                            = 4194304                                   {product} {ergonomic}
   size_t MaxHeapSize                              = 1046478848                                {product} {ergonomic}
   size_t MinHeapDeltaBytes                        = 1048576                                   {product} {ergonomic}
   size_t MinHeapSize                              = 8388608                                   {product} {ergonomic}
    uintx NonNMethodCodeHeapSize                   = 5832780                                {pd product} {ergonomic}
    uintx NonProfiledCodeHeapSize                  = 122912730                              {pd product} {ergonomic}
    uintx ProfiledCodeHeapSize                     = 122912730                              {pd product} {ergonomic}
    uintx ReservedCodeCacheSize                    = 251658240                              {pd product} {ergonomic}
     bool SegmentedCodeCache                       = true                                      {product} {ergonomic}
     bool ShowCodeDetailsInExceptionMessages       = true                                   {manageable} {command line}
   size_t SoftMaxHeapSize                          = 1046478848                             {manageable} {ergonomic}
     bool UseCompressedOops                        = true                           {product lp64_product} {ergonomic}
     bool UseG1GC                                  = true                                      {product} {ergonomic}
     bool UseLargePagesIndividualAllocation        = false                                  {pd product} {ergonomic}

Logging:
Log output configuration:
 #0: stdout all=warning uptime,level,tags foldmultilines=false
 #1: stderr all=off uptime,level,tags foldmultilines=false

Environment Variables:
PATH=C:\Program Files\Common Files\Oracle\Java\javapath;C:\Windows\system32;C:\Windows;C:\Windows\System32\Wbem;C:\Windows\System32\WindowsPowerShell\v1.0\;C:\Windows\System32\OpenSSH\;C:\Program Files\nodejs\;C:\Program Files\Git\cmd;C:\Program Files (x86)\Microsoft SQL Server\160\Tools\Binn\;C:\Program Files\Microsoft SQL Server\160\Tools\Binn\;C:\Program Files\Microsoft SQL Server\Client SDK\ODBC\170\Tools\Binn\;C:\Program Files\Microsoft SQL Server\160\DTS\Binn\;C:\Program Files (x86)\Microsoft SQL Server\160\DTS\Binn\;C:\Program Files\Azure Data Studio\bin;C:\Users\dell\AppData\Local\Microsoft\WindowsApps;;C:\Users\dell\AppData\Local\Programs\Microsoft VS Code\bin;C:\Users\dell\AppData\Roaming\npm;C:\Program Files\Azure Data Studio\bin
USERNAME=dell
LANG=en_US.UTF-8
OS=Windows_NT
PROCESSOR_IDENTIFIER=Intel64 Family 6 Model 42 Stepping 7, GenuineIntel
TMP=C:\Users\dell\AppData\Local\Temp
TEMP=C:\Users\dell\AppData\Local\Temp




Periodic native trim disabled

---------------  S Y S T E M  ---------------

OS:
 Windows 10 , 64 bit Build 19041 (10.0.19041.3636)
OS uptime: 14 days 2:54 hours

CPU: total 4 (initial active 4) (2 cores per cpu, 2 threads per core) family 6 model 42 stepping 7 microcode 0x2f, cx8, cmov, fxsr, ht, mmx, sse, sse2, sse3, ssse3, sse4.1, sse4.2, popcnt, tsc, tscinvbit, avx, aes, clmul, vzeroupper, clflush, rdtscp
Processor Information for all 4 processors :
  Max Mhz: 2301, Current Mhz: 2301, Mhz Limit: 2301

Memory: 4k page, system-wide physical 3990M (343M free)
TotalPageFile size 16278M (AvailPageFile size 29M)
current process WorkingSet (physical memory assigned to process): 10M, peak: 10M
current process commit charge ("private bytes"): 51M, peak: 115M

vm_info: Java HotSpot(TM) 64-Bit Server VM (21.0.2+13-LTS-58) for windows-amd64 JRE (21.0.2+13-LTS-58), built on 2024-01-05T18:32:24Z by "mach5one" with MS VC++ 17.1 (VS2022)

END.
